Tue May 24 16:56:25 CEST 2016 : Server di rete Apache Derby: 10.10.2.0 - (1582446) avviato e pronto ad accettare connessioni sulla porta 1527
----------------------------------------------------------------
Tue May 24 16:56:26 CEST 2016:
Avvio della versione di Derby The Apache Software Foundation - Apache Derby - 10.10.2.0 - (1582446): istanza a816c00e-0154-e344-2d02-000002e0455f
sulla directory di database C:\Users\Alessandro Mainas\Documents\NetBeansProjects\AMM_GruppoB\AmmM4\web\WEB-INF\db\ammdb con caricatore classi sun.misc.Launcher$AppClassLoader@5e2de80c 
Caricato da file:/D:/Program%20Files/glassfish-4.1.1/javadb/lib/derby.jar
java.vendor=Oracle Corporation
java.runtime.version=1.8.0_65-b17
user.dir=D:\Program Files\glassfish-4.1.1\javadb
os.name=Windows 10
os.arch=amd64
os.version=10.0
derby.system.home=C:\Users\Alessandro Mainas\Documents\NetBeansProjects\AMM_GruppoB\AmmM4\web\WEB-INF\db
Programma di caricamento classe database avviato - derby.database.classpath=''
----------------------------------------------------------------
Tue May 24 16:56:27 CEST 2016:
Arresto dell'istanza a816c00e-0154-e344-2d02-000002e0455f nella directory del database C:\Users\Alessandro Mainas\Documents\NetBeansProjects\AMM_GruppoB\AmmM4\web\WEB-INF\db\ammdb con il caricatore di classi sun.misc.Launcher$AppClassLoader@5e2de80c 
Tue May 24 16:56:27 CEST 2016 Thread[DRDAConnThread_2,5,main] (DATABASE = ammdb), (DRDAID = {2}), Chiusura del database 'ammdb'.
----------------------------------------------------------------
Tue May 24 16:56:33 CEST 2016:
Avvio della versione di Derby The Apache Software Foundation - Apache Derby - 10.10.2.0 - (1582446): istanza 560740aa-0154-e344-2d02-000002e0455f
sulla directory di database C:\Users\Alessandro Mainas\Documents\NetBeansProjects\AMM_GruppoB\AmmM4\web\WEB-INF\db\ammdb con caricatore classi sun.misc.Launcher$AppClassLoader@5e2de80c 
Caricato da file:/D:/Program%20Files/glassfish-4.1.1/javadb/lib/derby.jar
java.vendor=Oracle Corporation
java.runtime.version=1.8.0_65-b17
user.dir=D:\Program Files\glassfish-4.1.1\javadb
os.name=Windows 10
os.arch=amd64
os.version=10.0
derby.system.home=C:\Users\Alessandro Mainas\Documents\NetBeansProjects\AMM_GruppoB\AmmM4\web\WEB-INF\db
Programma di caricamento classe database avviato - derby.database.classpath=''
